Building...
info: Microsoft.Hosting.Lifetime[14]
      Now listening on: http://0.0.0.0:5000
info: Microsoft.Hosting.Lifetime[0]
      Application started. Press Ctrl+C to shut down.
info: Microsoft.Hosting.Lifetime[0]
      Hosting environment: Development
info: Microsoft.Hosting.Lifetime[0]
      Content root path: /root/FoodRecipeApi
warn: Microsoft.AspNetCore.HttpsPolicy.HttpsRedirectionMiddleware[3]
      Failed to determine the https port for redirect.
info: Microsoft.EntityFrameworkCore.Database.Command[20101]
      Executed DbCommand (43ms) [Parameters=[], CommandType='Text', CommandTimeout='30']
      SELECT r.id, r.calories, r.carbohydrates, r.description, r.difficulty, r.fats, r.ingredients, r.name, r.portion_size, r.preparation_time, r.protein
      FROM recipes_en AS r
info: Microsoft.EntityFrameworkCore.Database.Command[20101]
      Executed DbCommand (9ms) [Parameters=[], CommandType='Text', CommandTimeout='30']
      SELECT r.id, r.calories, r.carbohydrates, r.description, r.difficulty, r.fats, r.ingredients, r.name, r.portion_size, r.preparation_time, r.protein
      FROM recipes_en AS r
info: Microsoft.EntityFrameworkCore.Database.Command[20101]
      Executed DbCommand (2ms) [Parameters=[], CommandType='Text', CommandTimeout='30']
      SELECT r.id, r.calories, r.carbohydrates, r.description, r.difficulty, r.fats, r.ingredients, r.name, r.portion_size, r.preparation_time, r.protein
      FROM recipes_en AS r
info: Microsoft.EntityFrameworkCore.Database.Command[20101]
      Executed DbCommand (1ms) [Parameters=[], CommandType='Text', CommandTimeout='30']
      SELECT r.id, r.calories, r.carbohydrates, r.description, r.difficulty, r.fats, r.ingredients, r.name, r.portion_size, r.preparation_time, r.protein
      FROM recipes_en AS r
info: Microsoft.Hosting.Lifetime[0]
      Application is shutting down...
Building...
/root/FoodRecipeApi/DTOs/AuthDtos.cs(11,23): warning CS8618: Non-nullable property 'Token' must contain a non-null value when exiting constructor. Consider declaring the property as nullable. [/root/FoodRecipeApi/FoodRecipeApi.csproj]
/root/FoodRecipeApi/DTOs/AuthDtos.cs(5,23): warning CS8618: Non-nullable property 'Email' must contain a non-null value when exiting constructor. Consider declaring the property as nullable. [/root/FoodRecipeApi/FoodRecipeApi.csproj]
/root/FoodRecipeApi/DTOs/AuthDtos.cs(6,23): warning CS8618: Non-nullable property 'Password' must contain a non-null value when exiting constructor. Consider declaring the property as nullable. [/root/FoodRecipeApi/FoodRecipeApi.csproj]
/root/FoodRecipeApi/Controllers/AuthController.cs(47,51): warning CS8601: Possible null reference assignment. [/root/FoodRecipeApi/FoodRecipeApi.csproj]
/root/FoodRecipeApi/Controllers/AuthController.cs(74,51): warning CS8601: Possible null reference assignment. [/root/FoodRecipeApi/FoodRecipeApi.csproj]
info: Microsoft.Hosting.Lifetime[14]
      Now listening on: http://0.0.0.0:5000
info: Microsoft.Hosting.Lifetime[0]
      Application started. Press Ctrl+C to shut down.
info: Microsoft.Hosting.Lifetime[0]
      Hosting environment: Development
info: Microsoft.Hosting.Lifetime[0]
      Content root path: /root/FoodRecipeApi
